ISim log file
Running: E:\VLSI_Training_CDAC\Xilinx\Or_circuit\Orckt_isim_beh.exe -intstyle ise -gui -tclbatch isim.cmd -wdb E:/VLSI_Training_CDAC/Xilinx/Or_circuit/Orckt_isim_beh.wdb 
ISim P.58f (signature 0x7708f090)
This is a Full version of ISim.
Time resolution is 1 ps
# onerror resume
# wave add /
# run 1000 ns
Simulator is doing circuit initialization process.
Finished circuit initialization process.
# isim force add /Orckt/input1 1 -radix bin -cancel 100 ns
# isim force add /Orckt/input2 0 -radix bin -cancel 100 ns
# run all
# isim force add /Orckt/input1 0 -radix bin
# isim force add /Orckt/input2 0 -radix bin
# run all
# run all
# isim force add /Orckt/input1 0 -radix bin
# isim force add /Orckt/input2 0 -radix bin
# run all
# run 1.00us
