Release 14.5 - xst P.58f (nt)
Copyright (c) 1995-2012 Xilinx, Inc.  All rights reserved.
--> Parameter TMPDIR set to xst/projnav.tmp


Total REAL time to Xst completion: 0.00 secs
Total CPU time to Xst completion: 0.08 secs
 
--> Parameter xsthdpdir set to xst


Total REAL time to Xst completion: 0.00 secs
Total CPU time to Xst completion: 0.09 secs
 
--> Reading design: top.prj

TABLE OF CONTENTS
  1) Synthesis Options Summary
  2) HDL Compilation
  3) Design Hierarchy Analysis
  4) HDL Analysis
  5) HDL Synthesis
     5.1) HDL Synthesis Report
  6) Advanced HDL Synthesis
     6.1) Advanced HDL Synthesis Report
  7) Low Level Synthesis
  8) Partition Report
  9) Final Report
	9.1) Device utilization summary
	9.2) Partition Resource Summary
	9.3) TIMING REPORT


=========================================================================
*                      Synthesis Options Summary                        *
=========================================================================
---- Source Parameters
Input File Name                    : "top.prj"
Input Format                       : mixed
Ignore Synthesis Constraint File   : NO

---- Target Parameters
Output File Name                   : "top"
Output Format                      : NGC
Target Device                      : xc3s200-5-tq144

---- Source Options
Top Module Name                    : top
Automatic FSM Extraction           : YES
FSM Encoding Algorithm             : Auto
Safe Implementation                : No
FSM Style                          : LUT
RAM Extraction                     : Yes
RAM Style                          : Auto
ROM Extraction                     : Yes
Mux Style                          : Auto
Decoder Extraction                 : YES
Priority Encoder Extraction        : Yes
Shift Register Extraction          : YES
Logical Shifter Extraction         : YES
XOR Collapsing                     : YES
ROM Style                          : Auto
Mux Extraction                     : Yes
Resource Sharing                   : YES
Asynchronous To Synchronous        : NO
Multiplier Style                   : Auto
Automatic Register Balancing       : No

---- Target Options
Add IO Buffers                     : YES
Global Maximum Fanout              : 100000
Add Generic Clock Buffer(BUFG)     : 8
Register Duplication               : YES
Slice Packing                      : YES
Optimize Instantiated Primitives   : NO
Use Clock Enable                   : Yes
Use Synchronous Set                : Yes
Use Synchronous Reset              : Yes
Pack IO Registers into IOBs        : Auto
Equivalent register Removal        : YES

---- General Options
Optimization Goal                  : Speed
Optimization Effort                : 1
Keep Hierarchy                     : No
Netlist Hierarchy                  : As_Optimized
RTL Output                         : Yes
Global Optimization                : AllClockNets
Read Cores                         : YES
Write Timing Constraints           : NO
Cross Clock Analysis               : NO
Hierarchy Separator                : /
Bus Delimiter                      : <>
Case Specifier                     : Maintain
Slice Utilization Ratio            : 100
BRAM Utilization Ratio             : 100
Verilog 2001                       : YES
Auto BRAM Packing                  : NO
Slice Utilization Ratio Delta      : 5

=========================================================================


=========================================================================
*                          HDL Compilation                              *
=========================================================================
Compiling verilog file "vga.v" in library work
Compiling verilog file "clk80.v" in library work
Module <vga> compiled
Compiling verilog file "top.v" in library work
Module <clk80> compiled
Module <top> compiled
No errors in compilation
Analysis of file <"top.prj"> succeeded.
 

=========================================================================
*                     Design Hierarchy Analysis                         *
=========================================================================
Analyzing hierarchy for module <top> in library <work>.

Analyzing hierarchy for module <clk80> in library <work>.

Analyzing hierarchy for module <vga> in library <work> with parameters.
	hbp = "000100110011"
	hfp = "011010001001"
	hpixels = "011010101011"
	vbp = "000000001011"
	vfp = "001100001011"
	vlines = "001100001101"


=========================================================================
*                            HDL Analysis                               *
=========================================================================
Analyzing top module <top>.
Module <top> is correct for synthesis.
 
Analyzing module <clk80> in library <work>.
Module <clk80> is correct for synthesis.
 
    Set user-defined property "CAPACITANCE =  DONT_CARE" for instance <CLKIN_IBUFG_INST> in unit <clk80>.
    Set user-defined property "IBUF_DELAY_VALUE =  0" for instance <CLKIN_IBUFG_INST> in unit <clk80>.
    Set user-defined property "IBUF_LOW_PWR =  TRUE" for instance <CLKIN_IBUFG_INST> in unit <clk80>.
    Set user-defined property "IOSTANDARD =  DEFAULT" for instance <CLKIN_IBUFG_INST> in unit <clk80>.
    Set user-defined property "CLKDV_DIVIDE =  2.000000" for instance <DCM_INST> in unit <clk80>.
    Set user-defined property "CLKFX_DIVIDE =  3" for instance <DCM_INST> in unit <clk80>.
    Set user-defined property "CLKFX_MULTIPLY =  8" for instance <DCM_INST> in unit <clk80>.
    Set user-defined property "CLKIN_DIVIDE_BY_2 =  FALSE" for instance <DCM_INST> in unit <clk80>.
    Set user-defined property "CLKIN_PERIOD =  33.333000" for instance <DCM_INST> in unit <clk80>.
    Set user-defined property "CLKOUT_PHASE_SHIFT =  NONE" for instance <DCM_INST> in unit <clk80>.
    Set user-defined property "CLK_FEEDBACK =  1X" for instance <DCM_INST> in unit <clk80>.
    Set user-defined property "DESKEW_ADJUST =  SYSTEM_SYNCHRONOUS" for instance <DCM_INST> in unit <clk80>.
    Set user-defined property "DFS_FREQUENCY_MODE =  LOW" for instance <DCM_INST> in unit <clk80>.
    Set user-defined property "DLL_FREQUENCY_MODE =  LOW" for instance <DCM_INST> in unit <clk80>.
    Set user-defined property "DSS_MODE =  NONE" for instance <DCM_INST> in unit <clk80>.
    Set user-defined property "DUTY_CYCLE_CORRECTION =  TRUE" for instance <DCM_INST> in unit <clk80>.
    Set user-defined property "FACTORY_JF =  8080" for instance <DCM_INST> in unit <clk80>.
    Set user-defined property "PHASE_SHIFT =  0" for instance <DCM_INST> in unit <clk80>.
    Set user-defined property "SIM_MODE =  SAFE" for instance <DCM_INST> in unit <clk80>.
    Set user-defined property "STARTUP_WAIT =  FALSE" for instance <DCM_INST> in unit <clk80>.
Analyzing module <vga> in library <work>.
	hbp = 12'b000100110011
	hfp = 12'b011010001001
	hpixels = 12'b011010101011
	vbp = 12'b000000001011
	vfp = 12'b001100001011
	vlines = 12'b001100001101
Module <vga> is correct for synthesis.
 

=========================================================================
*                           HDL Synthesis                               *
=========================================================================

Performing bidirectional port resolution...

Synthesizing Unit <vga>.
    Related source file is "vga.v".
    Found 1-bit register for signal <vsync>.
    Found 16-bit up counter for signal <hc>.
    Found 16-bit up counter for signal <hcs>.
    Found 16-bit comparator less for signal <hsync$cmp_lt0000> created at line 48.
    Found 16-bit adder for signal <old_hc_3$add0000> created at line 37.
    Summary:
	inferred   2 Counter(s).
	inferred   1 D-type flip-flop(s).
	inferred   1 Adder/Subtractor(s).
	inferred   1 Comparator(s).
Unit <vga> synthesized.


Synthesizing Unit <clk80>.
    Related source file is "clk80.v".
Unit <clk80> synthesized.


Synthesizing Unit <top>.
    Related source file is "top.v".
Unit <top> synthesized.


=========================================================================
HDL Synthesis Report

Macro Statistics
# Adders/Subtractors                                   : 1
 16-bit adder                                          : 1
# Counters                                             : 2
 16-bit up counter                                     : 2
# Registers                                            : 1
 1-bit register                                        : 1
# Comparators                                          : 1
 16-bit comparator less                                : 1

=========================================================================

=========================================================================
*                       Advanced HDL Synthesis                          *
=========================================================================


=========================================================================
Advanced HDL Synthesis Report

Macro Statistics
# Adders/Subtractors                                   : 1
 16-bit adder                                          : 1
# Counters                                             : 2
 16-bit up counter                                     : 2
# Registers                                            : 1
 Flip-Flops                                            : 1
# Comparators                                          : 1
 16-bit comparator less                                : 1

=========================================================================

=========================================================================
*                         Low Level Synthesis                           *
=========================================================================

Optimizing unit <top> ...

Optimizing unit <vga> ...

Mapping all equations...
Building and optimizing final netlist ...
Found area constraint ratio of 100 (+ 5) on block top, actual ratio is 2.

Final Macro Processing ...

=========================================================================
Final Register Report

Macro Statistics
# Registers                                            : 33
 Flip-Flops                                            : 33

=========================================================================

=========================================================================
*                           Partition Report                            *
=========================================================================

Partition Implementation Status
-------------------------------

  No Partitions were found in this design.

-------------------------------

=========================================================================
*                            Final Report                               *
=========================================================================
Final Results
RTL Top Level Output File Name     : top.ngr
Top Level Output File Name         : top
Output Format                      : NGC
Optimization Goal                  : Speed
Keep Hierarchy                     : No

Design Statistics
# IOs                              : 3

Cell Usage :
# BELS                             : 181
#      GND                         : 1
#      INV                         : 4
#      LUT1                        : 48
#      LUT3                        : 4
#      LUT3_L                      : 2
#      LUT4                        : 13
#      LUT4_D                      : 2
#      LUT4_L                      : 1
#      MUXCY                       : 57
#      VCC                         : 1
#      XORCY                       : 48
# FlipFlops/Latches                : 33
#      FDR                         : 17
#      FDRE                        : 16
# Clock Buffers                    : 2
#      BUFG                        : 2
# IO Buffers                       : 3
#      IBUFG                       : 1
#      OBUF                        : 2
# DCMs                             : 1
#      DCM                         : 1
=========================================================================

Device utilization summary:
---------------------------

Selected Device : 3s200tq144-5 

 Number of Slices:                       49  out of   1920     2%  
 Number of Slice Flip Flops:             33  out of   3840     0%  
 Number of 4 input LUTs:                 74  out of   3840     1%  
 Number of IOs:                           3
 Number of bonded IOBs:                   3  out of     97     3%  
 Number of GCLKs:                         2  out of      8    25%  
 Number of DCMs:                          1  out of      4    25%  

---------------------------
Partition Resource Summary:
---------------------------

  No Partitions were found in this design.

---------------------------


=========================================================================
TIMING REPORT

NOTE: THESE TIMING NUMBERS ARE ONLY A SYNTHESIS ESTIMATE.
      FOR ACCURATE TIMING INFORMATION PLEASE REFER TO THE TRACE REPORT
      GENERATED AFTER PLACE-and-ROUTE.

Clock Information:
------------------
-----------------------------------+------------------------+-------+
Clock Signal                       | Clock buffer(FF name)  | Load  |
-----------------------------------+------------------------+-------+
clkin                              | clk_name/DCM_INST:CLKFX| 33    |
-----------------------------------+------------------------+-------+

Asynchronous Control Signals Information:
----------------------------------------
No asynchronous control signals found in this design

Timing Summary:
---------------
Speed Grade: -5

   Minimum period: 21.129ns (Maximum Frequency: 47.329MHz)
   Minimum input arrival time before clock: No path found
   Maximum output required time after clock: 8.738ns
   Maximum combinational path delay: No path found

Timing Detail:
--------------
All values displayed in nanoseconds (ns)

=========================================================================
Timing constraint: Default period analysis for Clock 'clkin'
  Clock period: 21.129ns (frequency: 47.329MHz)
  Total number of paths / destination ports: 3238 / 81
-------------------------------------------------------------------------
Delay:               7.923ns (Levels of Logic = 14)
  Source:            vga_name/hc_1 (FF)
  Destination:       vga_name/hc_15 (FF)
  Source Clock:      clkin rising 2.7X
  Destination Clock: clkin rising 2.7X

  Data Path: vga_name/hc_1 to vga_name/hc_15
                                Gate     Net
    Cell:in->out      fanout   Delay   Delay  Logical Name (Net Name)
    ----------------------------------------  ------------
     FDRE:C->Q             4   0.626   1.074  vga_name/hc_1 (vga_name/hc_1)
     LUT1:I0->O            1   0.479   0.000  vga_name/Madd_old_hc_3_add0000_cy<1>_rt (vga_name/Madd_old_hc_3_add0000_cy<1>_rt)
     MUXCY:S->O            1   0.435   0.000  vga_name/Madd_old_hc_3_add0000_cy<1> (vga_name/Madd_old_hc_3_add0000_cy<1>)
     MUXCY:CI->O           1   0.056   0.000  vga_name/Madd_old_hc_3_add0000_cy<2> (vga_name/Madd_old_hc_3_add0000_cy<2>)
     MUXCY:CI->O           1   0.056   0.000  vga_name/Madd_old_hc_3_add0000_cy<3> (vga_name/Madd_old_hc_3_add0000_cy<3>)
     MUXCY:CI->O           1   0.056   0.000  vga_name/Madd_old_hc_3_add0000_cy<4> (vga_name/Madd_old_hc_3_add0000_cy<4>)
     MUXCY:CI->O           1   0.056   0.000  vga_name/Madd_old_hc_3_add0000_cy<5> (vga_name/Madd_old_hc_3_add0000_cy<5>)
     MUXCY:CI->O           1   0.056   0.000  vga_name/Madd_old_hc_3_add0000_cy<6> (vga_name/Madd_old_hc_3_add0000_cy<6>)
     MUXCY:CI->O           1   0.056   0.000  vga_name/Madd_old_hc_3_add0000_cy<7> (vga_name/Madd_old_hc_3_add0000_cy<7>)
     XORCY:CI->O           1   0.786   0.976  vga_name/Madd_old_hc_3_add0000_xor<8> (vga_name/old_hc_3_add0000<8>)
     LUT4:I0->O            1   0.479   0.000  vga_name/hc_and0000_wg_lut<1> (vga_name/hc_and0000_wg_lut<1>)
     MUXCY:S->O            1   0.435   0.000  vga_name/hc_and0000_wg_cy<1> (vga_name/hc_and0000_wg_cy<1>)
     MUXCY:CI->O           1   0.056   0.000  vga_name/hc_and0000_wg_cy<2> (vga_name/hc_and0000_wg_cy<2>)
     MUXCY:CI->O           1   0.056   0.000  vga_name/hc_and0000_wg_cy<3> (vga_name/hc_and0000_wg_cy<3>)
     MUXCY:CI->O          16   0.246   1.051  vga_name/hc_and0000_wg_cy<4> (vga_name/hc_and0000)
     FDRE:R                    0.892          vga_name/hc_0
    ----------------------------------------
    Total                      7.923ns (4.821ns logic, 3.102ns route)
                                       (60.9% logic, 39.1% route)

=========================================================================
Timing constraint: Default OFFSET OUT AFTER for Clock 'clkin'
  Total number of paths / destination ports: 17 / 2
-------------------------------------------------------------------------
Offset:              8.738ns (Levels of Logic = 9)
  Source:            vga_name/hcs_0 (FF)
  Destination:       hout (PAD)
  Source Clock:      clkin rising 2.7X

  Data Path: vga_name/hcs_0 to hout
                                Gate     Net
    Cell:in->out      fanout   Delay   Delay  Logical Name (Net Name)
    ----------------------------------------  ------------
     FDR:C->Q              3   0.626   1.066  vga_name/hcs_0 (vga_name/hcs_0)
     LUT1:I0->O            1   0.479   0.000  vga_name/Mcompar_hsync_cmp_lt0000_cy<0>_rt (vga_name/Mcompar_hsync_cmp_lt0000_cy<0>_rt)
     MUXCY:S->O            1   0.435   0.000  vga_name/Mcompar_hsync_cmp_lt0000_cy<0> (vga_name/Mcompar_hsync_cmp_lt0000_cy<0>)
     MUXCY:CI->O           1   0.056   0.000  vga_name/Mcompar_hsync_cmp_lt0000_cy<1> (vga_name/Mcompar_hsync_cmp_lt0000_cy<1>)
     MUXCY:CI->O           1   0.056   0.000  vga_name/Mcompar_hsync_cmp_lt0000_cy<2> (vga_name/Mcompar_hsync_cmp_lt0000_cy<2>)
     MUXCY:CI->O           1   0.056   0.000  vga_name/Mcompar_hsync_cmp_lt0000_cy<3> (vga_name/Mcompar_hsync_cmp_lt0000_cy<3>)
     MUXCY:CI->O           1   0.056   0.000  vga_name/Mcompar_hsync_cmp_lt0000_cy<4> (vga_name/Mcompar_hsync_cmp_lt0000_cy<4>)
     MUXCY:CI->O           1   0.056   0.000  vga_name/Mcompar_hsync_cmp_lt0000_cy<5> (vga_name/Mcompar_hsync_cmp_lt0000_cy<5>)
     MUXCY:CI->O           1   0.265   0.681  vga_name/Mcompar_hsync_cmp_lt0000_cy<6> (vga_name/Mcompar_hsync_cmp_lt0000_cy<6>)
     OBUF:I->O                 4.909          hout_OBUF (hout)
    ----------------------------------------
    Total                      8.738ns (6.991ns logic, 1.747ns route)
                                       (80.0% logic, 20.0% route)

=========================================================================


Total REAL time to Xst completion: 4.00 secs
Total CPU time to Xst completion: 3.62 secs
 
--> 

Total memory usage is 202060 kilobytes

Number of errors   :    0 (   0 filtered)
Number of warnings :    0 (   0 filtered)
Number of infos    :    0 (   0 filtered)

