Release 14.5 - xst P.58f (nt)
Copyright (c) 1995-2012 Xilinx, Inc.  All rights reserved.
--> Parameter TMPDIR set to xst/projnav.tmp


Total REAL time to Xst completion: 0.00 secs
Total CPU time to Xst completion: 0.09 secs
 
--> Parameter xsthdpdir set to xst


Total REAL time to Xst completion: 0.00 secs
Total CPU time to Xst completion: 0.09 secs
 
--> Reading design: vga.prj

TABLE OF CONTENTS
  1) Synthesis Options Summary
  2) HDL Compilation
  3) Design Hierarchy Analysis
  4) HDL Analysis
  5) HDL Synthesis
     5.1) HDL Synthesis Report
  6) Advanced HDL Synthesis
     6.1) Advanced HDL Synthesis Report
  7) Low Level Synthesis
  8) Partition Report
  9) Final Report
	9.1) Device utilization summary
	9.2) Partition Resource Summary
	9.3) TIMING REPORT


=========================================================================
*                      Synthesis Options Summary                        *
=========================================================================
---- Source Parameters
Input File Name                    : "vga.prj"
Input Format                       : mixed
Ignore Synthesis Constraint File   : NO

---- Target Parameters
Output File Name                   : "vga"
Output Format                      : NGC
Target Device                      : xc3s200-5-tq144

---- Source Options
Top Module Name                    : vga
Automatic FSM Extraction           : YES
FSM Encoding Algorithm             : Auto
Safe Implementation                : No
FSM Style                          : LUT
RAM Extraction                     : Yes
RAM Style                          : Auto
ROM Extraction                     : Yes
Mux Style                          : Auto
Decoder Extraction                 : YES
Priority Encoder Extraction        : Yes
Shift Register Extraction          : YES
Logical Shifter Extraction         : YES
XOR Collapsing                     : YES
ROM Style                          : Auto
Mux Extraction                     : Yes
Resource Sharing                   : YES
Asynchronous To Synchronous        : NO
Multiplier Style                   : Auto
Automatic Register Balancing       : No

---- Target Options
Add IO Buffers                     : YES
Global Maximum Fanout              : 100000
Add Generic Clock Buffer(BUFG)     : 8
Register Duplication               : YES
Slice Packing                      : YES
Optimize Instantiated Primitives   : NO
Use Clock Enable                   : Yes
Use Synchronous Set                : Yes
Use Synchronous Reset              : Yes
Pack IO Registers into IOBs        : Auto
Equivalent register Removal        : YES

---- General Options
Optimization Goal                  : Speed
Optimization Effort                : 1
Keep Hierarchy                     : No
Netlist Hierarchy                  : As_Optimized
RTL Output                         : Yes
Global Optimization                : AllClockNets
Read Cores                         : YES
Write Timing Constraints           : NO
Cross Clock Analysis               : NO
Hierarchy Separator                : /
Bus Delimiter                      : <>
Case Specifier                     : Maintain
Slice Utilization Ratio            : 100
BRAM Utilization Ratio             : 100
Verilog 2001                       : YES
Auto BRAM Packing                  : NO
Slice Utilization Ratio Delta      : 5

=========================================================================


=========================================================================
*                          HDL Compilation                              *
=========================================================================
Compiling verilog file "vga.v" in library work
Module <vga> compiled
No errors in compilation
Analysis of file <"vga.prj"> succeeded.
 

=========================================================================
*                     Design Hierarchy Analysis                         *
=========================================================================
Analyzing hierarchy for module <vga> in library <work> with parameters.
	hbp = "000100110011"
	hfp = "011010001001"
	hpixels = "011010101011"
	vbp = "000000001011"
	vfp = "001100001011"
	vlines = "001100001101"


=========================================================================
*                            HDL Analysis                               *
=========================================================================
Analyzing top module <vga>.
	hbp = 12'b000100110011
	hfp = 12'b011010001001
	hpixels = 12'b011010101011
	vbp = 12'b000000001011
	vfp = 12'b001100001011
	vlines = 12'b001100001101
Module <vga> is correct for synthesis.
 

=========================================================================
*                           HDL Synthesis                               *
=========================================================================

Performing bidirectional port resolution...
INFO:Xst:2679 - Register <vcs> in unit <vga> has a constant value of 0000000000000000 during circuit operation. The register is replaced by logic.

Synthesizing Unit <vga>.
    Related source file is "vga.v".
WARNING:Xst:646 - Signal <vsenable> is assigned but never used. This unconnected signal will be trimmed during the optimization process.
WARNING:Xst:646 - Signal <vcs> is assigned but never used. This unconnected signal will be trimmed during the optimization process.
WARNING:Xst:2111 - Clock of counter <hc> seems to be also used in the data or control logic of that element.
WARNING:Xst:2475 - Clock and clock enable of counter <hcs> are driven by the same logic. The clock enable is removed.
    Found 16-bit up counter for signal <hc>.
    Found 1-bit register for signal <vsync>.
    Found 16-bit up counter for signal <hcs>.
    Found 16-bit comparator less for signal <hsync$cmp_lt0000> created at line 56.
    Found 16-bit adder for signal <old_hc_1$add0000> created at line 41.
    Summary:
	inferred   2 Counter(s).
	inferred   1 D-type flip-flop(s).
	inferred   1 Adder/Subtractor(s).
	inferred   1 Comparator(s).
Unit <vga> synthesized.


=========================================================================
HDL Synthesis Report

Macro Statistics
# Adders/Subtractors                                   : 1
 16-bit adder                                          : 1
# Counters                                             : 2
 16-bit up counter                                     : 2
# Registers                                            : 1
 1-bit register                                        : 1
# Comparators                                          : 1
 16-bit comparator less                                : 1

=========================================================================

=========================================================================
*                       Advanced HDL Synthesis                          *
=========================================================================


=========================================================================
Advanced HDL Synthesis Report

Macro Statistics
# Adders/Subtractors                                   : 1
 16-bit adder                                          : 1
# Counters                                             : 2
 16-bit up counter                                     : 2
# Registers                                            : 1
 Flip-Flops                                            : 1
# Comparators                                          : 1
 16-bit comparator less                                : 1

=========================================================================

=========================================================================
*                         Low Level Synthesis                           *
=========================================================================

Optimizing unit <vga> ...

Mapping all equations...
Building and optimizing final netlist ...
Found area constraint ratio of 100 (+ 5) on block vga, actual ratio is 3.

Final Macro Processing ...

=========================================================================
Final Register Report

Macro Statistics
# Registers                                            : 33
 Flip-Flops                                            : 33

=========================================================================

=========================================================================
*                           Partition Report                            *
=========================================================================

Partition Implementation Status
-------------------------------

  No Partitions were found in this design.

-------------------------------

=========================================================================
*                            Final Report                               *
=========================================================================
Final Results
RTL Top Level Output File Name     : vga.ngr
Top Level Output File Name         : vga
Output Format                      : NGC
Optimization Goal                  : Speed
Keep Hierarchy                     : No

Design Statistics
# IOs                              : 20

Cell Usage :
# BELS                             : 208
#      GND                         : 1
#      INV                         : 4
#      LUT1                        : 48
#      LUT2                        : 33
#      LUT2_L                      : 1
#      LUT3                        : 4
#      LUT4                        : 14
#      LUT4_D                      : 2
#      MUXCY                       : 52
#      VCC                         : 1
#      XORCY                       : 48
# FlipFlops/Latches                : 33
#      FDC                         : 16
#      FDCE                        : 16
#      FDE                         : 1
# Clock Buffers                    : 1
#      BUFG                        : 1
# IO Buffers                       : 20
#      IBUF                        : 2
#      OBUF                        : 18
=========================================================================

Device utilization summary:
---------------------------

Selected Device : 3s200tq144-5 

 Number of Slices:                       56  out of   1920     2%  
 Number of Slice Flip Flops:             33  out of   3840     0%  
 Number of 4 input LUTs:                106  out of   3840     2%  
 Number of IOs:                          20
 Number of bonded IOBs:                  20  out of     97    20%  
 Number of GCLKs:                         1  out of      8    12%  

---------------------------
Partition Resource Summary:
---------------------------

  No Partitions were found in this design.

---------------------------


=========================================================================
TIMING REPORT

NOTE: THESE TIMING NUMBERS ARE ONLY A SYNTHESIS ESTIMATE.
      FOR ACCURATE TIMING INFORMATION PLEASE REFER TO THE TRACE REPORT
      GENERATED AFTER PLACE-and-ROUTE.

Clock Information:
------------------
-----------------------------------+------------------------+-------+
Clock Signal                       | Clock buffer(FF name)  | Load  |
-----------------------------------+------------------------+-------+
clk                                | IBUF+BUFG              | 33    |
-----------------------------------+------------------------+-------+

Asynchronous Control Signals Information:
----------------------------------------
-----------------------------------+------------------------+-------+
Control Signal                     | Buffer(FF name)        | Load  |
-----------------------------------+------------------------+-------+
clr                                | IBUF                   | 32    |
-----------------------------------+------------------------+-------+

Timing Summary:
---------------
Speed Grade: -5

   Minimum period: 8.586ns (Maximum Frequency: 116.469MHz)
   Minimum input arrival time before clock: 3.979ns
   Maximum output required time after clock: 8.738ns
   Maximum combinational path delay: No path found

Timing Detail:
--------------
All values displayed in nanoseconds (ns)

=========================================================================
Timing constraint: Default period analysis for Clock 'clk'
  Clock period: 8.586ns (frequency: 116.469MHz)
  Total number of paths / destination ports: 2979 / 49
-------------------------------------------------------------------------
Delay:               8.586ns (Levels of Logic = 9)
  Source:            hc_1 (FF)
  Destination:       hc_0 (FF)
  Source Clock:      clk rising
  Destination Clock: clk rising

  Data Path: hc_1 to hc_0
                                Gate     Net
    Cell:in->out      fanout   Delay   Delay  Logical Name (Net Name)
    ----------------------------------------  ------------
     FDCE:C->Q             4   0.626   1.074  hc_1 (hc_1)
     LUT1:I0->O            1   0.479   0.000  Madd_old_hc_1_add0000_cy<1>_rt (Madd_old_hc_1_add0000_cy<1>_rt)
     MUXCY:S->O            1   0.435   0.000  Madd_old_hc_1_add0000_cy<1> (Madd_old_hc_1_add0000_cy<1>)
     MUXCY:CI->O           1   0.056   0.000  Madd_old_hc_1_add0000_cy<2> (Madd_old_hc_1_add0000_cy<2>)
     MUXCY:CI->O           1   0.056   0.000  Madd_old_hc_1_add0000_cy<3> (Madd_old_hc_1_add0000_cy<3>)
     XORCY:CI->O           1   0.786   0.976  Madd_old_hc_1_add0000_xor<4> (old_hc_1_add0000<4>)
     LUT2_L:I0->LO         1   0.479   0.123  hc_cmp_eq000011 (hc_cmp_eq000011)
     LUT4:I3->O            1   0.479   0.704  hc_cmp_eq000025 (hc_cmp_eq000025)
     LUT4_D:I3->O         15   0.479   1.180  hc_cmp_eq000073 (hc_cmp_eq0000)
     LUT2:I1->O            1   0.479   0.000  Mcount_hc_eqn_81 (Mcount_hc_eqn_8)
     FDCE:D                    0.176          hc_8
    ----------------------------------------
    Total                      8.586ns (4.529ns logic, 4.057ns route)
                                       (52.7% logic, 47.3% route)

=========================================================================
Timing constraint: Default OFFSET IN BEFORE for Clock 'clk'
  Total number of paths / destination ports: 17 / 17
-------------------------------------------------------------------------
Offset:              3.979ns (Levels of Logic = 2)
  Source:            clr (PAD)
  Destination:       vsync (FF)
  Destination Clock: clk rising

  Data Path: clr to vsync
                                Gate     Net
    Cell:in->out      fanout   Delay   Delay  Logical Name (Net Name)
    ----------------------------------------  ------------
     IBUF:I->O            33   0.715   1.580  clr_IBUF (clr_IBUF)
     INV:I->O              1   0.479   0.681  clr_inv1_INV_0 (clr_inv)
     FDE:CE                    0.524          vsync
    ----------------------------------------
    Total                      3.979ns (1.718ns logic, 2.261ns route)
                                       (43.2% logic, 56.8% route)

=========================================================================
Timing constraint: Default OFFSET OUT AFTER for Clock 'clk'
  Total number of paths / destination ports: 33 / 18
-------------------------------------------------------------------------
Offset:              8.738ns (Levels of Logic = 9)
  Source:            hcs_0 (FF)
  Destination:       hsync (PAD)
  Source Clock:      clk rising

  Data Path: hcs_0 to hsync
                                Gate     Net
    Cell:in->out      fanout   Delay   Delay  Logical Name (Net Name)
    ----------------------------------------  ------------
     FDC:C->Q              3   0.626   1.066  hcs_0 (hcs_0)
     LUT1:I0->O            1   0.479   0.000  Mcompar_hsync_cmp_lt0000_cy<0>_rt (Mcompar_hsync_cmp_lt0000_cy<0>_rt)
     MUXCY:S->O            1   0.435   0.000  Mcompar_hsync_cmp_lt0000_cy<0> (Mcompar_hsync_cmp_lt0000_cy<0>)
     MUXCY:CI->O           1   0.056   0.000  Mcompar_hsync_cmp_lt0000_cy<1> (Mcompar_hsync_cmp_lt0000_cy<1>)
     MUXCY:CI->O           1   0.056   0.000  Mcompar_hsync_cmp_lt0000_cy<2> (Mcompar_hsync_cmp_lt0000_cy<2>)
     MUXCY:CI->O           1   0.056   0.000  Mcompar_hsync_cmp_lt0000_cy<3> (Mcompar_hsync_cmp_lt0000_cy<3>)
     MUXCY:CI->O           1   0.056   0.000  Mcompar_hsync_cmp_lt0000_cy<4> (Mcompar_hsync_cmp_lt0000_cy<4>)
     MUXCY:CI->O           1   0.056   0.000  Mcompar_hsync_cmp_lt0000_cy<5> (Mcompar_hsync_cmp_lt0000_cy<5>)
     MUXCY:CI->O           1   0.265   0.681  Mcompar_hsync_cmp_lt0000_cy<6> (Mcompar_hsync_cmp_lt0000_cy<6>)
     OBUF:I->O                 4.909          hsync_OBUF (hsync)
    ----------------------------------------
    Total                      8.738ns (6.991ns logic, 1.747ns route)
                                       (80.0% logic, 20.0% route)

=========================================================================


Total REAL time to Xst completion: 3.00 secs
Total CPU time to Xst completion: 3.54 secs
 
--> 

Total memory usage is 200204 kilobytes

Number of errors   :    0 (   0 filtered)
Number of warnings :    4 (   0 filtered)
Number of infos    :    1 (   0 filtered)

