--------------------------------------------------------------------------------
Release 14.5 Trace  (nt64)
Copyright (c) 1995-2012 Xilinx, Inc.  All rights reserved.

C:\Xilinx\14.5\ISE_DS\ISE\bin\nt64\unwrapped\trce.exe -intstyle ise -v 3 -s 3
-n 3 -fastpaths -xml UpDownCounter_8bit.twx UpDownCounter_8bit.ncd -o
UpDownCounter_8bit.twr UpDownCounter_8bit.pcf

Design file:              UpDownCounter_8bit.ncd
Physical constraint file: UpDownCounter_8bit.pcf
Device,package,speed:     xc6slx4,tqg144,C,-3 (PRODUCTION 1.23 2013-03-26)
Report level:             verbose report

Environment Variable      Effect 
--------------------      ------ 
NONE                      No environment variables were set
--------------------------------------------------------------------------------

INFO:Timing:2698 - No timing constraints found, doing default enumeration.
INFO:Timing:3412 - To improve timing, see the Timing Closure User Guide (UG612).
INFO:Timing:2752 - To get complete path coverage, use the unconstrained paths 
   option. All paths that are not constrained will be reported in the 
   unconstrained paths section(s) of the report.
INFO:Timing:3339 - The clock-to-out numbers in this timing report are based on 
   a 50 Ohm transmission line loading model.  For the details of this model, 
   and for more information on accounting for different loading conditions, 
   please see the device datasheet.



Data Sheet report:
-----------------
All values displayed in nanoseconds (ns)

Setup/Hold to clock clk
------------+------------+------------+------------+------------+------------------+--------+
            |Max Setup to|  Process   |Max Hold to |  Process   |                  | Clock  |
Source      | clk (edge) |   Corner   | clk (edge) |   Corner   |Internal Clock(s) | Phase  |
------------+------------+------------+------------+------------+------------------+--------+
reset       |    1.315(R)|      SLOW  |    0.154(R)|      SLOW  |clk_BUFGP         |   0.000|
updown      |    1.683(R)|      SLOW  |    0.125(R)|      SLOW  |clk_BUFGP         |   0.000|
------------+------------+------------+------------+------------+------------------+--------+

Clock clk to Pad
------------+-----------------+------------+-----------------+------------+------------------+--------+
            |Max (slowest) clk|  Process   |Min (fastest) clk|  Process   |                  | Clock  |
Destination |  (edge) to PAD  |   Corner   |  (edge) to PAD  |   Corner   |Internal Clock(s) | Phase  |
------------+-----------------+------------+-----------------+------------+------------------+--------+
Qout<0>     |         7.654(R)|      SLOW  |         4.163(R)|      FAST  |clk_BUFGP         |   0.000|
Qout<1>     |         7.453(R)|      SLOW  |         3.956(R)|      FAST  |clk_BUFGP         |   0.000|
Qout<2>     |         6.924(R)|      SLOW  |         3.618(R)|      FAST  |clk_BUFGP         |   0.000|
Qout<3>     |         6.924(R)|      SLOW  |         3.618(R)|      FAST  |clk_BUFGP         |   0.000|
Qout<4>     |         7.140(R)|      SLOW  |         3.796(R)|      FAST  |clk_BUFGP         |   0.000|
Qout<5>     |         7.555(R)|      SLOW  |         4.104(R)|      FAST  |clk_BUFGP         |   0.000|
Qout<6>     |         7.086(R)|      SLOW  |         3.742(R)|      FAST  |clk_BUFGP         |   0.000|
Qout<7>     |         7.357(R)|      SLOW  |         3.921(R)|      FAST  |clk_BUFGP         |   0.000|
------------+-----------------+------------+-----------------+------------+------------------+--------+

Clock to Setup on destination clock clk
---------------+---------+---------+---------+---------+
               | Src:Rise| Src:Fall| Src:Rise| Src:Fall|
Source Clock   |Dest:Rise|Dest:Rise|Dest:Fall|Dest:Fall|
---------------+---------+---------+---------+---------+
clk            |    1.871|         |         |         |
---------------+---------+---------+---------+---------+


Analysis completed Tue Aug 23 22:26:35 2016 
--------------------------------------------------------------------------------

Trace Settings:
-------------------------
Trace Settings 

Peak Memory Usage: 212 MB



