Release 14.5 - xst P.58f (nt64)
Copyright (c) 1995-2012 Xilinx, Inc.  All rights reserved.
--> Parameter TMPDIR set to xst/projnav.tmp


Total REAL time to Xst completion: 0.00 secs
Total CPU time to Xst completion: 0.09 secs
 
--> Parameter xsthdpdir set to xst


Total REAL time to Xst completion: 0.00 secs
Total CPU time to Xst completion: 0.09 secs
 
--> Reading design: UpDownCounter_8bit.prj

TABLE OF CONTENTS
  1) Synthesis Options Summary
  2) HDL Parsing
  3) HDL Elaboration
  4) HDL Synthesis
       4.1) HDL Synthesis Report
  5) Advanced HDL Synthesis
       5.1) Advanced HDL Synthesis Report
  6) Low Level Synthesis
  7) Partition Report
  8) Design Summary
       8.1) Primitive and Black Box Usage
       8.2) Device utilization summary
       8.3) Partition Resource Summary
       8.4) Timing Report
            8.4.1) Clock Information
            8.4.2) Asynchronous Control Signals Information
            8.4.3) Timing Summary
            8.4.4) Timing Details
            8.4.5) Cross Clock Domains Report


=========================================================================
*                      Synthesis Options Summary                        *
=========================================================================
---- Source Parameters
Input File Name                    : "UpDownCounter_8bit.prj"
Ignore Synthesis Constraint File   : NO

---- Target Parameters
Output File Name                   : "UpDownCounter_8bit"
Output Format                      : NGC
Target Device                      : xc6slx4-3-tqg144

---- Source Options
Top Module Name                    : UpDownCounter_8bit
Automatic FSM Extraction           : YES
FSM Encoding Algorithm             : Auto
Safe Implementation                : No
FSM Style                          : LUT
RAM Extraction                     : Yes
RAM Style                          : Auto
ROM Extraction                     : Yes
Shift Register Extraction          : YES
ROM Style                          : Auto
Resource Sharing                   : YES
Asynchronous To Synchronous        : NO
Shift Register Minimum Size        : 2
Use DSP Block                      : Auto
Automatic Register Balancing       : No

---- Target Options
LUT Combining                      : Auto
Reduce Control Sets                : Auto
Add IO Buffers                     : YES
Global Maximum Fanout              : 100000
Add Generic Clock Buffer(BUFG)     : 16
Register Duplication               : YES
Optimize Instantiated Primitives   : NO
Use Clock Enable                   : Auto
Use Synchronous Set                : Auto
Use Synchronous Reset              : Auto
Pack IO Registers into IOBs        : Auto
Equivalent register Removal        : YES

---- General Options
Optimization Goal                  : Speed
Optimization Effort                : 1
Power Reduction                    : NO
Keep Hierarchy                     : No
Netlist Hierarchy                  : As_Optimized
RTL Output                         : Yes
Global Optimization                : AllClockNets
Read Cores                         : YES
Write Timing Constraints           : NO
Cross Clock Analysis               : NO
Hierarchy Separator                : /
Bus Delimiter                      : <>
Case Specifier                     : Maintain
Slice Utilization Ratio            : 100
BRAM Utilization Ratio             : 100
DSP48 Utilization Ratio            : 100
Auto BRAM Packing                  : NO
Slice Utilization Ratio Delta      : 5

=========================================================================


=========================================================================
*                          HDL Parsing                                  *
=========================================================================
Analyzing Verilog file "E:\Kidangoor College\Xilinx\UpDownCounter_8bit\UpDownCounter_8bit.v" into library work
Parsing module <UpDownCounter_8bit>.

=========================================================================
*                            HDL Elaboration                            *
=========================================================================

Elaborating module <UpDownCounter_8bit>.
WARNING:HDLCompiler:413 - "E:\Kidangoor College\Xilinx\UpDownCounter_8bit\UpDownCounter_8bit.v" Line 39: Result of 9-bit expression is truncated to fit in 8-bit target.
WARNING:HDLCompiler:413 - "E:\Kidangoor College\Xilinx\UpDownCounter_8bit\UpDownCounter_8bit.v" Line 43: Result of 32-bit expression is truncated to fit in 8-bit target.

=========================================================================
*                           HDL Synthesis                               *
=========================================================================

Synthesizing Unit <UpDownCounter_8bit>.
    Related source file is "E:\Kidangoor College\Xilinx\UpDownCounter_8bit\UpDownCounter_8bit.v".
    Found 8-bit register for signal <Qout>.
    Found 8-bit adder for signal <Qout[7]_GND_1_o_add_1_OUT> created at line 39.
    Found 8-bit subtractor for signal <GND_1_o_GND_1_o_sub_3_OUT<7:0>> created at line 43.
    Summary:
	inferred   1 Adder/Subtractor(s).
	inferred   8 D-type flip-flop(s).
Unit <UpDownCounter_8bit> synthesized.

=========================================================================
HDL Synthesis Report

Macro Statistics
# Adders/Subtractors                                   : 1
 8-bit addsub                                          : 1
# Registers                                            : 1
 8-bit register                                        : 1

=========================================================================

=========================================================================
*                       Advanced HDL Synthesis                          *
=========================================================================


Synthesizing (advanced) Unit <UpDownCounter_8bit>.
The following registers are absorbed into counter <Qout>: 1 register on signal <Qout>.
Unit <UpDownCounter_8bit> synthesized (advanced).

=========================================================================
Advanced HDL Synthesis Report

Macro Statistics
# Counters                                             : 1
 8-bit updown counter                                  : 1

=========================================================================

=========================================================================
*                         Low Level Synthesis                           *
=========================================================================

Optimizing unit <UpDownCounter_8bit> ...

Mapping all equations...
Building and optimizing final netlist ...
Found area constraint ratio of 100 (+ 5) on block UpDownCounter_8bit, actual ratio is 0.

Final Macro Processing ...

=========================================================================
Final Register Report

Macro Statistics
# Registers                                            : 8
 Flip-Flops                                            : 8

=========================================================================

=========================================================================
*                           Partition Report                            *
=========================================================================

Partition Implementation Status
-------------------------------

  No Partitions were found in this design.

-------------------------------

=========================================================================
*                            Design Summary                             *
=========================================================================

Top Level Output File Name         : UpDownCounter_8bit.ngc

Primitive and Black Box Usage:
------------------------------
# BELS                             : 23
#      LUT2                        : 8
#      MUXCY                       : 7
#      XORCY                       : 8
# FlipFlops/Latches                : 8
#      FDR                         : 8
# Clock Buffers                    : 1
#      BUFGP                       : 1
# IO Buffers                       : 10
#      IBUF                        : 2
#      OBUF                        : 8

Device utilization summary:
---------------------------

Selected Device : 6slx4tqg144-3 


Slice Logic Utilization: 
 Number of Slice Registers:               8  out of   4800     0%  
 Number of Slice LUTs:                    8  out of   2400     0%  
    Number used as Logic:                 8  out of   2400     0%  

Slice Logic Distribution: 
 Number of LUT Flip Flop pairs used:     16
   Number with an unused Flip Flop:       8  out of     16    50%  
   Number with an unused LUT:             8  out of     16    50%  
   Number of fully used LUT-FF pairs:     0  out of     16     0%  
   Number of unique control sets:         1

IO Utilization: 
 Number of IOs:                          11
 Number of bonded IOBs:                  11  out of    102    10%  

Specific Feature Utilization:
 Number of BUFG/BUFGCTRL/BUFHCEs:         1  out of     16     6%  

---------------------------
Partition Resource Summary:
---------------------------

  No Partitions were found in this design.

---------------------------


=========================================================================
Timing Report

NOTE: THESE TIMING NUMBERS ARE ONLY A SYNTHESIS ESTIMATE.
      FOR ACCURATE TIMING INFORMATION PLEASE REFER TO THE TRACE REPORT
      GENERATED AFTER PLACE-and-ROUTE.

Clock Information:
------------------
-----------------------------------+------------------------+-------+
Clock Signal                       | Clock buffer(FF name)  | Load  |
-----------------------------------+------------------------+-------+
clk                                | BUFGP                  | 8     |
-----------------------------------+------------------------+-------+

Asynchronous Control Signals Information:
----------------------------------------
No asynchronous control signals found in this design

Timing Summary:
---------------
Speed Grade: -3

   Minimum period: 1.837ns (Maximum Frequency: 544.292MHz)
   Minimum input arrival time before clock: 2.927ns
   Maximum output required time after clock: 3.634ns
   Maximum combinational path delay: No path found

Timing Details:
---------------
All values displayed in nanoseconds (ns)

=========================================================================
Timing constraint: Default period analysis for Clock 'clk'
  Clock period: 1.837ns (frequency: 544.292MHz)
  Total number of paths / destination ports: 64 / 8
-------------------------------------------------------------------------
Delay:               1.837ns (Levels of Logic = 9)
  Source:            Qout_0 (FF)
  Destination:       Qout_7 (FF)
  Source Clock:      clk rising
  Destination Clock: clk rising

  Data Path: Qout_0 to Qout_7
                                Gate     Net
    Cell:in->out      fanout   Delay   Delay  Logical Name (Net Name)
    ----------------------------------------  ------------
     FDR:C->Q              2   0.447   0.617  Qout_0 (Qout_0)
     LUT2:I1->O            1   0.205   0.000  Mcount_Qout_lut<0> (Mcount_Qout_lut<0>)
     MUXCY:S->O            1   0.172   0.000  Mcount_Qout_cy<0> (Mcount_Qout_cy<0>)
     MUXCY:CI->O           1   0.019   0.000  Mcount_Qout_cy<1> (Mcount_Qout_cy<1>)
     MUXCY:CI->O           1   0.019   0.000  Mcount_Qout_cy<2> (Mcount_Qout_cy<2>)
     MUXCY:CI->O           1   0.019   0.000  Mcount_Qout_cy<3> (Mcount_Qout_cy<3>)
     MUXCY:CI->O           1   0.019   0.000  Mcount_Qout_cy<4> (Mcount_Qout_cy<4>)
     MUXCY:CI->O           1   0.019   0.000  Mcount_Qout_cy<5> (Mcount_Qout_cy<5>)
     MUXCY:CI->O           0   0.019   0.000  Mcount_Qout_cy<6> (Mcount_Qout_cy<6>)
     XORCY:CI->O           1   0.180   0.000  Mcount_Qout_xor<7> (Result<7>)
     FDR:D                     0.102          Qout_7
    ----------------------------------------
    Total                      1.837ns (1.220ns logic, 0.617ns route)
                                       (66.4% logic, 33.6% route)

=========================================================================
Timing constraint: Default OFFSET IN BEFORE for Clock 'clk'
  Total number of paths / destination ports: 52 / 16
-------------------------------------------------------------------------
Offset:              2.927ns (Levels of Logic = 10)
  Source:            updown (PAD)
  Destination:       Qout_7 (FF)
  Destination Clock: clk rising

  Data Path: updown to Qout_7
                                Gate     Net
    Cell:in->out      fanout   Delay   Delay  Logical Name (Net Name)
    ----------------------------------------  ------------
     IBUF:I->O             9   1.222   0.934  updown_IBUF (updown_IBUF)
     LUT2:I0->O            1   0.203   0.000  Mcount_Qout_lut<0> (Mcount_Qout_lut<0>)
     MUXCY:S->O            1   0.172   0.000  Mcount_Qout_cy<0> (Mcount_Qout_cy<0>)
     MUXCY:CI->O           1   0.019   0.000  Mcount_Qout_cy<1> (Mcount_Qout_cy<1>)
     MUXCY:CI->O           1   0.019   0.000  Mcount_Qout_cy<2> (Mcount_Qout_cy<2>)
     MUXCY:CI->O           1   0.019   0.000  Mcount_Qout_cy<3> (Mcount_Qout_cy<3>)
     MUXCY:CI->O           1   0.019   0.000  Mcount_Qout_cy<4> (Mcount_Qout_cy<4>)
     MUXCY:CI->O           1   0.019   0.000  Mcount_Qout_cy<5> (Mcount_Qout_cy<5>)
     MUXCY:CI->O           0   0.019   0.000  Mcount_Qout_cy<6> (Mcount_Qout_cy<6>)
     XORCY:CI->O           1   0.180   0.000  Mcount_Qout_xor<7> (Result<7>)
     FDR:D                     0.102          Qout_7
    ----------------------------------------
    Total                      2.927ns (1.993ns logic, 0.934ns route)
                                       (68.1% logic, 31.9% route)

=========================================================================
Timing constraint: Default OFFSET OUT AFTER for Clock 'clk'
  Total number of paths / destination ports: 8 / 8
-------------------------------------------------------------------------
Offset:              3.634ns (Levels of Logic = 1)
  Source:            Qout_7 (FF)
  Destination:       Qout<7> (PAD)
  Source Clock:      clk rising

  Data Path: Qout_7 to Qout<7>
                                Gate     Net
    Cell:in->out      fanout   Delay   Delay  Logical Name (Net Name)
    ----------------------------------------  ------------
     FDR:C->Q              2   0.447   0.616  Qout_7 (Qout_7)
     OBUF:I->O                 2.571          Qout_7_OBUF (Qout<7>)
    ----------------------------------------
    Total                      3.634ns (3.018ns logic, 0.616ns route)
                                       (83.0% logic, 17.0% route)

=========================================================================

Cross Clock Domains Report:
--------------------------

Clock to Setup on destination clock clk
---------------+---------+---------+---------+---------+
               | Src:Rise| Src:Fall| Src:Rise| Src:Fall|
Source Clock   |Dest:Rise|Dest:Rise|Dest:Fall|Dest:Fall|
---------------+---------+---------+---------+---------+
clk            |    1.837|         |         |         |
---------------+---------+---------+---------+---------+

=========================================================================


Total REAL time to Xst completion: 5.00 secs
Total CPU time to Xst completion: 5.42 secs
 
--> 

Total memory usage is 287624 kilobytes

Number of errors   :    0 (   0 filtered)
Number of warnings :    2 (   0 filtered)
Number of infos    :    0 (   0 filtered)

