--------------------------------------------------------------------------------
Release 14.5 Trace  (nt64)
Copyright (c) 1995-2012 Xilinx, Inc.  All rights reserved.

C:\Xilinx\14.5\ISE_DS\ISE\bin\nt64\unwrapped\trce.exe -intstyle ise -v 3 -s 3
-n 3 -fastpaths -xml Decoder3to8.twx Decoder3to8.ncd -o Decoder3to8.twr
Decoder3to8.pcf

Design file:              Decoder3to8.ncd
Physical constraint file: Decoder3to8.pcf
Device,package,speed:     xc6slx4,tqg144,C,-3 (PRODUCTION 1.23 2013-03-26)
Report level:             verbose report

Environment Variable      Effect 
--------------------      ------ 
NONE                      No environment variables were set
--------------------------------------------------------------------------------

INFO:Timing:2698 - No timing constraints found, doing default enumeration.
INFO:Timing:3412 - To improve timing, see the Timing Closure User Guide (UG612).
INFO:Timing:2752 - To get complete path coverage, use the unconstrained paths 
   option. All paths that are not constrained will be reported in the 
   unconstrained paths section(s) of the report.
INFO:Timing:3339 - The clock-to-out numbers in this timing report are based on 
   a 50 Ohm transmission line loading model.  For the details of this model, 
   and for more information on accounting for different loading conditions, 
   please see the device datasheet.



Data Sheet report:
-----------------
All values displayed in nanoseconds (ns)

Pad to Pad
---------------+---------------+---------+
Source Pad     |Destination Pad|  Delay  |
---------------+---------------+---------+
Xin<0>         |Y<0>           |    6.922|
Xin<0>         |Y<1>           |    6.663|
Xin<0>         |Y<2>           |    6.721|
Xin<0>         |Y<3>           |    6.960|
Xin<0>         |Y<4>           |    7.131|
Xin<0>         |Y<5>           |    7.438|
Xin<0>         |Y<6>           |    7.084|
Xin<0>         |Y<7>           |    7.115|
Xin<1>         |Y<0>           |    7.048|
Xin<1>         |Y<1>           |    6.789|
Xin<1>         |Y<2>           |    6.759|
Xin<1>         |Y<3>           |    6.998|
Xin<1>         |Y<4>           |    6.892|
Xin<1>         |Y<5>           |    7.199|
Xin<1>         |Y<6>           |    7.032|
Xin<1>         |Y<7>           |    7.063|
Xin<2>         |Y<0>           |    6.651|
Xin<2>         |Y<1>           |    6.392|
Xin<2>         |Y<2>           |    6.490|
Xin<2>         |Y<3>           |    6.729|
Xin<2>         |Y<4>           |    6.565|
Xin<2>         |Y<5>           |    6.872|
Xin<2>         |Y<6>           |    6.881|
Xin<2>         |Y<7>           |    6.912|
---------------+---------------+---------+


Analysis completed Sat Aug 20 11:52:50 2016 
--------------------------------------------------------------------------------

Trace Settings:
-------------------------
Trace Settings 

Peak Memory Usage: 223 MB



