Release 14.5 - ngc2edif P.58f (nt)
Copyright (c) 1995-2012 Xilinx, Inc.  All rights reserved.
Reading design sine_gen.ngc ...
WARNING:NetListWriters:298 - No output is written to sine_gen.xncf, ignored.
Processing design ...
   Preping design's networks ...
   Preping design's macros ...
  finished :Prep
Writing EDIF netlist file sine_gen.edif ...
ngc2edif: Total memory usage is 61176 kilobytes

Release 14.5 - ngc2edif P.58f (nt)
Copyright (c) 1995-2012 Xilinx, Inc.  All rights reserved.
Reading design sine_gen.ngc ...
WARNING:NetListWriters:298 - No output is written to sine_gen.xncf, ignored.
Processing design ...
   Preping design's networks ...
   Preping design's macros ...
  finished :Prep
Writing EDIF netlist file sine_gen.edif ...
ngc2edif: Total memory usage is 61176 kilobytes

Release 14.5 - ngc2edif P.58f (nt)
Copyright (c) 1995-2012 Xilinx, Inc.  All rights reserved.
Reading design sine_gen.ngc ...
WARNING:NetListWriters:298 - No output is written to sine_gen.xncf, ignored.
Processing design ...
   Preping design's networks ...
   Preping design's macros ...
  finished :Prep
Writing EDIF netlist file sine_gen.edif ...
ngc2edif: Total memory usage is 61944 kilobytes

Release 14.5 - ngc2edif P.58f (nt)
Copyright (c) 1995-2012 Xilinx, Inc.  All rights reserved.
Reading design lut.ngc ...
WARNING:NetListWriters:298 - No output is written to lut.xncf, ignored.
Processing design ...
   Preping design's networks ...
   Preping design's macros ...
  finished :Prep
Writing EDIF netlist file lut.edif ...
ngc2edif: Total memory usage is 61176 kilobytes

