Command line:
   vga_isim_beh.exe
     -simmode  gui
     -simrunnum  0
     -socket  61519

Wed Oct 28 10:41:22 2015


 Elaboration Time: 0.1092 sec

 Current Memory Usage: 526.848 Meg

 Total Signals          : 14
 Total Nets             : 34
 Total Signal Drivers   : 10
 Total Blocks           : 2
 Total Primitive Blocks : 2
 Total Processes        : 19
 Total Traceable Variables  : 30
 Total Scalar Nets and Variables : 212
Total Line Count : 100

 Total Simulation Time: 0.156 sec

 Current Memory Usage: 526.848 Meg

Wed Oct 28 10:48:09 2015

